<?xml version="1.0" encoding="UTF-8"?>
<testsuite xmlns:xsi="http://www.w3.org/2001/XMLSchema-instance" xsi:schemaLocation="https://maven.apache.org/surefire/maven-surefire-plugin/xsd/surefire-test-report.xsd" name="edu.gmu.cs475.P3ServerTests" time="16.683" tests="6" errors="0" skipped="0" failures="1">
  <properties>
[...]
</properties>
  <testcase name="testHeartbeatOnlyExpiresCorrectLock" classname="edu.gmu.cs475.P3ServerTests" time="2.106">
    <failure message="Unexpected exception" type="java.lang.AssertionError">java.lang.AssertionError: Unexpected exception
	at edu.gmu.cs475.P3ServerTests.testHeartbeatOnlyExpiresCorrectLock(P3ServerTests.java:142)
</failure>
    <system-out><![CDATA[/Users/tringuyen/Desktop/CS475/rmi-handout/server/testdir/shrill-star-9621
]]></system-out>
    <system-err><![CDATA[java.lang.IllegalMonitorStateException
	at java.util.concurrent.locks.StampedLock.unlockRead(StampedLock.java:563)
	at edu.gmu.cs475.FileTagManagerServer.unLockFile(FileTagManagerServer.java:403)
	at edu.gmu.cs475.FileTagManagerServer.lambda$1(FileTagManagerServer.java:352)
	at java.util.concurrent.Executors$RunnableAdapter.call(Executors.java:511)
	at java.util.concurrent.FutureTask.runAndReset(FutureTask.java:308)
	at java.util.concurrent.ScheduledThreadPoolExecutor$ScheduledFutureTask.access$301(ScheduledThreadPoolExecutor.java:180)
	at java.util.concurrent.ScheduledThreadPoolExecutor$ScheduledFutureTask.run(ScheduledThreadPoolExecutor.java:294)
	at java.util.concurrent.ThreadPoolExecutor.runWorker(ThreadPoolExecutor.java:1142)
	at java.util.concurrent.ThreadPoolExecutor$Worker.run(ThreadPoolExecutor.java:617)
	at java.lang.Thread.run(Thread.java:748)
java.lang.IllegalMonitorStateException
	at java.util.concurrent.locks.StampedLock.unlockRead(StampedLock.java:563)
	at edu.gmu.cs475.FileTagManagerServer.unLockFile(FileTagManagerServer.java:403)
	at edu.gmu.cs475.FileTagManagerServer.lambda$1(FileTagManagerServer.java:352)
	at java.util.concurrent.Executors$RunnableAdapter.call(Executors.java:511)
	at java.util.concurrent.FutureTask.runAndReset(FutureTask.java:308)
	at java.util.concurrent.ScheduledThreadPoolExecutor$ScheduledFutureTask.access$301(ScheduledThreadPoolExecutor.java:180)
	at java.util.concurrent.ScheduledThreadPoolExecutor$ScheduledFutureTask.run(ScheduledThreadPoolExecutor.java:294)
	at java.util.concurrent.ThreadPoolExecutor.runWorker(ThreadPoolExecutor.java:1142)
	at java.util.concurrent.ThreadPoolExecutor$Worker.run(ThreadPoolExecutor.java:617)
	at java.lang.Thread.run(Thread.java:748)
java.lang.IllegalMonitorStateException
	at java.util.concurrent.locks.StampedLock.unlockRead(StampedLock.java:563)
	at edu.gmu.cs475.FileTagManagerServer.unLockFile(FileTagManagerServer.java:403)
	at edu.gmu.cs475.FileTagManagerServer.lambda$1(FileTagManagerServer.java:352)
	at java.util.concurrent.Executors$RunnableAdapter.call(Executors.java:511)
	at java.util.concurrent.FutureTask.runAndReset(FutureTask.java:308)
	at java.util.concurrent.ScheduledThreadPoolExecutor$ScheduledFutureTask.access$301(ScheduledThreadPoolExecutor.java:180)
	at java.util.concurrent.ScheduledThreadPoolExecutor$ScheduledFutureTask.run(ScheduledThreadPoolExecutor.java:294)
	at java.util.concurrent.ThreadPoolExecutor.runWorker(ThreadPoolExecutor.java:1142)
	at java.util.concurrent.ThreadPoolExecutor$Worker.run(ThreadPoolExecutor.java:617)
	at java.lang.Thread.run(Thread.java:748)
java.lang.IllegalMonitorStateException
	at java.util.concurrent.locks.StampedLock.unlockRead(StampedLock.java:563)
	at edu.gmu.cs475.FileTagManagerServer.unLockFile(FileTagManagerServer.java:403)
	at edu.gmu.cs475.FileTagManagerServer.lambda$1(FileTagManagerServer.java:352)
	at java.util.concurrent.Executors$RunnableAdapter.call(Executors.java:511)
	at java.util.concurrent.FutureTask.runAndReset(FutureTask.java:308)
	at java.util.concurrent.ScheduledThreadPoolExecutor$ScheduledFutureTask.access$301(ScheduledThreadPoolExecutor.java:180)
	at java.util.concurrent.ScheduledThreadPoolExecutor$ScheduledFutureTask.run(ScheduledThreadPoolExecutor.java:294)
	at java.util.concurrent.ThreadPoolExecutor.runWorker(ThreadPoolExecutor.java:1142)
	at java.util.concurrent.ThreadPoolExecutor$Worker.run(ThreadPoolExecutor.java:617)
	at java.lang.Thread.run(Thread.java:748)
java.lang.IllegalMonitorStateException
	at java.util.concurrent.locks.StampedLock.unlockRead(StampedLock.java:563)
	at edu.gmu.cs475.FileTagManagerServer.unLockFile(FileTagManagerServer.java:403)
	at edu.gmu.cs475.FileTagManagerServer.lambda$1(FileTagManagerServer.java:352)
	at java.util.concurrent.Executors$RunnableAdapter.call(Executors.java:511)
	at java.util.concurrent.FutureTask.runAndReset(FutureTask.java:308)
	at java.util.concurrent.ScheduledThreadPoolExecutor$ScheduledFutureTask.access$301(ScheduledThreadPoolExecutor.java:180)
	at java.util.concurrent.ScheduledThreadPoolExecutor$ScheduledFutureTask.run(ScheduledThreadPoolExecutor.java:294)
	at java.util.concurrent.ThreadPoolExecutor.runWorker(ThreadPoolExecutor.java:1142)
	at java.util.concurrent.ThreadPoolExecutor$Worker.run(ThreadPoolExecutor.java:617)
	at java.lang.Thread.run(Thread.java:748)
java.lang.IllegalMonitorStateException
	at java.util.concurrent.locks.StampedLock.unlockRead(StampedLock.java:563)
	at edu.gmu.cs475.FileTagManagerServer.unLockFile(FileTagManagerServer.java:403)
	at edu.gmu.cs475.FileTagManagerServer.lambda$1(FileTagManagerServer.java:352)
	at java.util.concurrent.Executors$RunnableAdapter.call(Executors.java:511)
	at java.util.concurrent.FutureTask.runAndReset(FutureTask.java:308)
	at java.util.concurrent.ScheduledThreadPoolExecutor$ScheduledFutureTask.access$301(ScheduledThreadPoolExecutor.java:180)
	at java.util.concurrent.ScheduledThreadPoolExecutor$ScheduledFutureTask.run(ScheduledThreadPoolExecutor.java:294)
	at java.util.concurrent.ThreadPoolExecutor.runWorker(ThreadPoolExecutor.java:1142)
	at java.util.concurrent.ThreadPoolExecutor$Worker.run(ThreadPoolExecutor.java:617)
	at java.lang.Thread.run(Thread.java:748)
java.lang.IllegalMonitorStateException
	at edu.gmu.cs475.FileTagManagerServer.heartbeat(FileTagManagerServer.java:461)
	at edu.gmu.cs475.P3ServerTests.testHeartbeatOnlyExpiresCorrectLock(P3ServerTests.java:122)
	at sun.reflect.NativeMethodAccessorImpl.invoke0(Native Method)
	at sun.reflect.NativeMethodAccessorImpl.invoke(NativeMethodAccessorImpl.java:62)
	at sun.reflect.DelegatingMethodAccessorImpl.invoke(DelegatingMethodAccessorImpl.java:43)
	at java.lang.reflect.Method.invoke(Method.java:498)
	at org.junit.runners.model.FrameworkMethod$1.runReflectiveCall(FrameworkMethod.java:47)
	at org.junit.internal.runners.model.ReflectiveCallable.run(ReflectiveCallable.java:12)
	at org.junit.runners.model.FrameworkMethod.invokeExplosively(FrameworkMethod.java:44)
	at org.junit.internal.runners.statements.InvokeMethod.evaluate(InvokeMethod.java:17)
	at org.junit.internal.runners.statements.RunBefores.evaluate(RunBefores.java:26)
	at org.junit.internal.runners.statements.FailOnTimeout$StatementThread.run(FailOnTimeout.java:74)
java.lang.IllegalMonitorStateException
	at java.util.concurrent.locks.StampedLock.unlockRead(StampedLock.java:563)
	at edu.gmu.cs475.FileTagManagerServer.unLockFile(FileTagManagerServer.java:403)
	at edu.gmu.cs475.FileTagManagerServer.lambda$1(FileTagManagerServer.java:352)
	at java.util.concurrent.Executors$RunnableAdapter.call(Executors.java:511)
	at java.util.concurrent.FutureTask.runAndReset(FutureTask.java:308)
	at java.util.concurrent.ScheduledThreadPoolExecutor$ScheduledFutureTask.access$301(ScheduledThreadPoolExecutor.java:180)
	at java.util.concurrent.ScheduledThreadPoolExecutor$ScheduledFutureTask.run(ScheduledThreadPoolExecutor.java:294)
	at java.util.concurrent.ThreadPoolExecutor.runWorker(ThreadPoolExecutor.java:1142)
	at java.util.concurrent.ThreadPoolExecutor$Worker.run(ThreadPoolExecutor.java:617)
	at java.lang.Thread.run(Thread.java:748)
java.lang.IllegalMonitorStateException
	at java.util.concurrent.locks.StampedLock.unlockRead(StampedLock.java:563)
	at edu.gmu.cs475.FileTagManagerServer.unLockFile(FileTagManagerServer.java:403)
	at edu.gmu.cs475.FileTagManagerServer.lambda$1(FileTagManagerServer.java:352)
	at java.util.concurrent.Executors$RunnableAdapter.call(Executors.java:511)
	at java.util.concurrent.FutureTask.runAndReset(FutureTask.java:308)
	at java.util.concurrent.ScheduledThreadPoolExecutor$ScheduledFutureTask.access$301(ScheduledThreadPoolExecutor.java:180)
	at java.util.concurrent.ScheduledThreadPoolExecutor$ScheduledFutureTask.run(ScheduledThreadPoolExecutor.java:294)
	at java.util.concurrent.ThreadPoolExecutor.runWorker(ThreadPoolExecutor.java:1142)
	at java.util.concurrent.ThreadPoolExecutor$Worker.run(ThreadPoolExecutor.java:617)
	at java.lang.Thread.run(Thread.java:748)
java.lang.IllegalMonitorStateException
	at java.util.concurrent.locks.StampedLock.unlockRead(StampedLock.java:563)
	at edu.gmu.cs475.FileTagManagerServer.unLockFile(FileTagManagerServer.java:403)
	at edu.gmu.cs475.FileTagManagerServer.lambda$1(FileTagManagerServer.java:352)
	at java.util.concurrent.Executors$RunnableAdapter.call(Executors.java:511)
	at java.util.concurrent.FutureTask.runAndReset(FutureTask.java:308)
	at java.util.concurrent.ScheduledThreadPoolExecutor$ScheduledFutureTask.access$301(ScheduledThreadPoolExecutor.java:180)
	at java.util.concurrent.ScheduledThreadPoolExecutor$ScheduledFutureTask.run(ScheduledThreadPoolExecutor.java:294)
	at java.util.concurrent.ThreadPoolExecutor.runWorker(ThreadPoolExecutor.java:1142)
	at java.util.concurrent.ThreadPoolExecutor$Worker.run(ThreadPoolExecutor.java:617)
	at java.lang.Thread.run(Thread.java:748)
java.lang.IllegalMonitorStateException
	at java.util.concurrent.locks.StampedLock.unlockRead(StampedLock.java:563)
	at edu.gmu.cs475.FileTagManagerServer.unLockFile(FileTagManagerServer.java:403)
	at edu.gmu.cs475.FileTagManagerServer.lambda$1(FileTagManagerServer.java:352)
	at java.util.concurrent.Executors$RunnableAdapter.call(Executors.java:511)
	at java.util.concurrent.FutureTask.runAndReset(FutureTask.java:308)
	at java.util.concurrent.ScheduledThreadPoolExecutor$ScheduledFutureTask.access$301(ScheduledThreadPoolExecutor.java:180)
	at java.util.concurrent.ScheduledThreadPoolExecutor$ScheduledFutureTask.run(ScheduledThreadPoolExecutor.java:294)
	at java.util.concurrent.ThreadPoolExecutor.runWorker(ThreadPoolExecutor.java:1142)
	at java.util.concurrent.ThreadPoolExecutor$Worker.run(ThreadPoolExecutor.java:617)
	at java.lang.Thread.run(Thread.java:748)
java.lang.IllegalMonitorStateException
	at java.util.concurrent.locks.StampedLock.unlockRead(StampedLock.java:563)
	at edu.gmu.cs475.FileTagManagerServer.unLockFile(FileTagManagerServer.java:403)
	at edu.gmu.cs475.FileTagManagerServer.lambda$1(FileTagManagerServer.java:352)
	at java.util.concurrent.Executors$RunnableAdapter.call(Executors.java:511)
	at java.util.concurrent.FutureTask.runAndReset(FutureTask.java:308)
	at java.util.concurrent.ScheduledThreadPoolExecutor$ScheduledFutureTask.access$301(ScheduledThreadPoolExecutor.java:180)
	at java.util.concurrent.ScheduledThreadPoolExecutor$ScheduledFutureTask.run(ScheduledThreadPoolExecutor.java:294)
	at java.util.concurrent.ThreadPoolExecutor.runWorker(ThreadPoolExecutor.java:1142)
	at java.util.concurrent.ThreadPoolExecutor$Worker.run(ThreadPoolExecutor.java:617)
	at java.lang.Thread.run(Thread.java:748)
java.lang.IllegalMonitorStateException
	at java.util.concurrent.locks.StampedLock.unlockRead(StampedLock.java:563)
	at edu.gmu.cs475.FileTagManagerServer.unLockFile(FileTagManagerServer.java:403)
	at edu.gmu.cs475.FileTagManagerServer.lambda$1(FileTagManagerServer.java:352)
	at java.util.concurrent.Executors$RunnableAdapter.call(Executors.java:511)
	at java.util.concurrent.FutureTask.runAndReset(FutureTask.java:308)
	at java.util.concurrent.ScheduledThreadPoolExecutor$ScheduledFutureTask.access$301(ScheduledThreadPoolExecutor.java:180)
	at java.util.concurrent.ScheduledThreadPoolExecutor$ScheduledFutureTask.run(ScheduledThreadPoolExecutor.java:294)
	at java.util.concurrent.ThreadPoolExecutor.runWorker(ThreadPoolExecutor.java:1142)
	at java.util.concurrent.ThreadPoolExecutor$Worker.run(ThreadPoolExecutor.java:617)
	at java.lang.Thread.run(Thread.java:748)
]]></system-err>
  </testcase>
  <testcase name="testLockHeartbeatsRenewLock" classname="edu.gmu.cs475.P3ServerTests" time="6.026"/>
  <testcase name="testHeartbeatInvalidStamp" classname="edu.gmu.cs475.P3ServerTests" time="0.013"/>
  <testcase name="testIrregularHeartbeatStillRenewLock" classname="edu.gmu.cs475.P3ServerTests" time="4.516"/>
  <testcase name="testUnlockInvalidStamp" classname="edu.gmu.cs475.P3ServerTests" time="0.01"/>
  <testcase name="testLockExpires" classname="edu.gmu.cs475.P3ServerTests" time="4.012"/>
</testsuite>